<?xml version="1.0" encoding="UTF-8"?>
<testsuite xmlns:xsi="http://www.w3.org/2001/XMLSchema-instance" xsi:noNamespaceSchemaLocation="https://maven.apache.org/surefire/maven-surefire-plugin/xsd/surefire-test-report.xsd" name="junit5tests.TaggingTest" time="0.002" tests="6" errors="0" skipped="0" failures="0">
  <properties>
[...]
</properties>
  <testcase name="taggingTest1" classname="junit5tests.TaggingTest" time="0"/>
  <testcase name="taggingTest2" classname="junit5tests.TaggingTest" time="0"/>
  <testcase name="taggingTest3" classname="junit5tests.TaggingTest" time="0"/>
  <testcase name="taggingTest4" classname="junit5tests.TaggingTest" time="0.001"/>
  <testcase name="taggingTest5" classname="junit5tests.TaggingTest" time="0"/>
  <testcase name="taggingTest6" classname="junit5tests.TaggingTest" time="0"/>
</testsuite>